2020-04-22 14:12:00.982  INFO 5200 --- [restartedMain] lab3.nchu17204223.Application            : Starting Application on DESKTOP-XUQUAN with PID 5200 (D:\workspace-spring\workspace-spring-tool-suite-4-4.5.1.RELEASE\lab3\target\classes started by 29525 in D:\workspace-spring\workspace-spring-tool-suite-4-4.5.1.RELEASE\lab3)
2020-04-22 14:12:00.984  INFO 5200 --- [restartedMain] lab3.nchu17204223.Application            : No active profile set, falling back to default profiles: default
2020-04-22 14:12:01.025  INFO 5200 --- [restartedMain] .e.DevToolsPropertyDefaultsPostProcessor : Devtools property defaults active! Set 'spring.devtools.add-properties' to 'false' to disable
2020-04-22 14:12:01.025  INFO 5200 --- [restartedMain] .e.DevToolsPropertyDefaultsPostProcessor : For additional web related logging consider setting the 'logging.level.web' property to 'DEBUG'
2020-04-22 14:12:01.899  INFO 5200 --- [restartedMain] o.s.b.w.embedded.tomcat.TomcatWebServer  : Tomcat initialized with port(s): 8080 (http)
2020-04-22 14:12:01.905  INFO 5200 --- [restartedMain] o.apache.catalina.core.StandardService   : Starting service [Tomcat]
2020-04-22 14:12:01.906  INFO 5200 --- [restartedMain] org.apache.catalina.core.StandardEngine  : Starting Servlet engine: [Apache Tomcat/9.0.31]
2020-04-22 14:12:01.995  INFO 5200 --- [restartedMain] o.a.c.c.C.[Tomcat].[localhost].[/]       : Initializing Spring embedded WebApplicationContext
2020-04-22 14:12:01.996  INFO 5200 --- [restartedMain] o.s.web.context.ContextLoader            : Root WebApplicationContext: initialization completed in 970 ms
2020-04-22 14:12:02.205  INFO 5200 --- [restartedMain] o.s.s.concurrent.ThreadPoolTaskExecutor  : Initializing ExecutorService 'applicationTaskExecutor'
2020-04-22 14:12:02.347  INFO 5200 --- [restartedMain] o.s.b.d.a.OptionalLiveReloadServer       : LiveReload server is running on port 35729
2020-04-22 14:12:02.380  INFO 5200 --- [restartedMain] o.s.b.w.embedded.tomcat.TomcatWebServer  : Tomcat started on port(s): 8080 (http) with context path ''
2020-04-22 14:12:02.383  INFO 5200 --- [restartedMain] lab3.nchu17204223.Application            : Started Application in 1.675 seconds (JVM running for 2.54)
2020-04-22 14:12:13.566  INFO 5200 --- [http-nio-8080-exec-1] o.a.c.c.C.[Tomcat].[localhost].[/]       : Initializing Spring DispatcherServlet 'dispatcherServlet'
2020-04-22 14:12:13.566  INFO 5200 --- [http-nio-8080-exec-1] o.s.web.servlet.DispatcherServlet        : Initializing Servlet 'dispatcherServlet'
2020-04-22 14:12:13.570  INFO 5200 --- [http-nio-8080-exec-1] o.s.web.servlet.DispatcherServlet        : Completed initialization in 4 ms
2020-04-22 14:12:18.446  INFO 5200 --- [http-nio-8080-exec-2] lab3.nchu17204223.LogAspect              : Account:, login failed.
2020-04-22 14:12:58.740  INFO 5200 --- [http-nio-8080-exec-3] lab3.nchu17204223.LogAspect              : Account:qwe, login succeeded.
2020-04-22 14:15:01.130  INFO 5200 --- [http-nio-8080-exec-7] lab3.nchu17204223.LogAspect              : Account:q, register and login failed.
2020-04-22 14:16:26.476  INFO 5200 --- [http-nio-8080-exec-10] lab3.nchu17204223.LogAspect              : Account:qaz, register and login succeeded.
2020-04-22 14:25:39.296  INFO 5200 --- [RMI TCP Connection(4)-127.0.0.1] inMXBeanRegistrar$SpringApplicationAdmin : Application shutdown requested.
2020-04-22 14:25:39.299  INFO 5200 --- [RMI TCP Connection(4)-127.0.0.1] o.s.s.concurrent.ThreadPoolTaskExecutor  : Shutting down ExecutorService 'applicationTaskExecutor'
